This file contains any messages produced by compilers while
running configure, to aid debugging if configure makes a mistake.

It was created by sharecopper configure 0.1, which was
generated by GNU Autoconf 2.69.  Invocation command line was

  $ ./configure CFLAGS=-g3

## --------- ##
## Platform. ##
## --------- ##

hostname = sockdolager
uname -m = i686
uname -r = 3.8.0-29-generic
uname -s = Linux
uname -v = #42-Ubuntu SMP Tue Aug 13 23:12:18 UTC 2013

/usr/bin/uname -p = unknown
/bin/uname -X     = unknown

/bin/arch              = unknown
/usr/bin/arch -k       = unknown
/usr/convex/getsysinfo = unknown
/usr/bin/hostinfo      = unknown
/bin/machine           = unknown
/usr/bin/oslevel       = unknown
/bin/universe          = unknown

PATH: /opt/centos/devtoolset-1.0/root/usr/bin/
PATH: /opt/centos/devtoolset-1.0/root/usr/bin/
PATH: /usr/local/sbin
PATH: /usr/local/bin
PATH: /usr/sbin
PATH: /usr/bin
PATH: /sbin
PATH: /bin
PATH: /usr/games
PATH: /usr/local/games


## ----------- ##
## Core tests. ##
## ----------- ##

configure:1825: checking for a BSD-compatible install
configure:1893: result: /usr/bin/install -c
configure:1904: checking whether build environment is sane
configure:1954: result: yes
configure:2095: checking for a thread-safe mkdir -p
configure:2134: result: /bin/mkdir -p
configure:2147: checking for gawk
configure:2177: result: no
configure:2147: checking for mawk
configure:2163: found /usr/bin/mawk
configure:2174: result: mawk
configure:2185: checking whether make sets $(MAKE)
configure:2207: result: yes
configure:2336: checking for gcc
configure:2352: found /usr/bin/gcc
configure:2363: result: gcc
configure:2592: checking for C compiler version
configure:2601: gcc --version >&5
gcc (Ubuntu/Linaro 4.7.3-1ubuntu1) 4.7.3
Copyright (C) 2012 Free Software Foundation, Inc.
This is free software; see the source for copying conditions.  There is NO
warranty; not even for MERCHANTABILITY or FITNESS FOR A PARTICULAR PURPOSE.

configure:2612: $? = 0
configure:2601: gcc -v >&5
Using built-in specs.
COLLECT_GCC=gcc
COLLECT_LTO_WRAPPER=/usr/lib/gcc/i686-linux-gnu/4.7/lto-wrapper
Target: i686-linux-gnu
Configured with: ../src/configure -v --with-pkgversion='Ubuntu/Linaro 4.7.3-1ubuntu1' --with-bugurl=file:///usr/share/doc/gcc-4.7/README.Bugs --enable-languages=c,c++,go,fortran,objc,obj-c++ --prefix=/usr --program-suffix=-4.7 --enable-shared --enable-linker-build-id --libexecdir=/usr/lib --without-included-gettext --enable-threads=posix --with-gxx-include-dir=/usr/include/c++/4.7 --libdir=/usr/lib --enable-nls --with-sysroot=/ --enable-clocale=gnu --enable-libstdcxx-debug --enable-libstdcxx-time=yes --enable-gnu-unique-object --enable-plugin --with-system-zlib --enable-objc-gc --enable-targets=all --with-cloog --enable-cloog-backend=ppl --disable-cloog-version-check --disable-ppl-version-check --enable-multiarch --disable-werror --with-arch-32=i686 --with-multilib-list=m32,m64,mx32 --with-tune=generic --enable-checking=release --build=i686-linux-gnu --host=i686-linux-gnu --target=i686-linux-gnu
Thread model: posix
gcc version 4.7.3 (Ubuntu/Linaro 4.7.3-1ubuntu1) 
configure:2612: $? = 0
configure:2601: gcc -V >&5
gcc: error: unrecognized command line option '-V'
gcc: fatal error: no input files
compilation terminated.
configure:2612: $? = 4
configure:2601: gcc -qversion >&5
gcc: error: unrecognized command line option '-qversion'
gcc: fatal error: no input files
compilation terminated.
configure:2612: $? = 4
configure:2632: checking whether the C compiler works
configure:2654: gcc -g3   conftest.c  >&5
configure:2658: $? = 0
configure:2706: result: yes
configure:2709: checking for C compiler default output file name
configure:2711: result: a.out
configure:2717: checking for suffix of executables
configure:2724: gcc -o conftest -g3   conftest.c  >&5
configure:2728: $? = 0
configure:2750: result: 
configure:2772: checking whether we are cross compiling
configure:2780: gcc -o conftest -g3   conftest.c  >&5
configure:2784: $? = 0
configure:2791: ./conftest
configure:2795: $? = 0
configure:2810: result: no
configure:2815: checking for suffix of object files
configure:2837: gcc -c -g3  conftest.c >&5
configure:2841: $? = 0
configure:2862: result: o
configure:2866: checking whether we are using the GNU C compiler
configure:2885: gcc -c -g3  conftest.c >&5
configure:2885: $? = 0
configure:2894: result: yes
configure:2903: checking whether gcc accepts -g
configure:2923: gcc -c -g  conftest.c >&5
configure:2923: $? = 0
configure:2964: result: yes
configure:2981: checking for gcc option to accept ISO C89
configure:3044: gcc  -c -g3  conftest.c >&5
configure:3044: $? = 0
configure:3057: result: none needed
configure:3088: checking for style of include used by make
configure:3116: result: GNU
configure:3142: checking dependency style of gcc
configure:3253: result: gcc3
configure:3437: creating ./config.status

## ---------------------- ##
## Running config.status. ##
## ---------------------- ##

This file was extended by sharecopper config.status 0.1, which was
generated by GNU Autoconf 2.69.  Invocation command line was

  CONFIG_FILES    = 
  CONFIG_HEADERS  = 
  CONFIG_LINKS    = 
  CONFIG_COMMANDS = 
  $ ./config.status 

on sockdolager

config.status:769: creating Makefile
config.status:769: creating src/Makefile
config.status:941: executing depfiles commands

## ---------------- ##
## Cache variables. ##
## ---------------- ##

ac_cv_c_compiler_gnu=yes
ac_cv_env_CC_set=
ac_cv_env_CC_value=
ac_cv_env_CFLAGS_set=set
ac_cv_env_CFLAGS_value=-g3
ac_cv_env_CPPFLAGS_set=
ac_cv_env_CPPFLAGS_value=
ac_cv_env_LDFLAGS_set=
ac_cv_env_LDFLAGS_value=
ac_cv_env_LIBS_set=
ac_cv_env_LIBS_value=
ac_cv_env_build_alias_set=
ac_cv_env_build_alias_value=
ac_cv_env_host_alias_set=
ac_cv_env_host_alias_value=
ac_cv_env_target_alias_set=
ac_cv_env_target_alias_value=
ac_cv_objext=o
ac_cv_path_install='/usr/bin/install -c'
ac_cv_path_mkdir=/bin/mkdir
ac_cv_prog_AWK=mawk
ac_cv_prog_ac_ct_CC=gcc
ac_cv_prog_cc_c89=
ac_cv_prog_cc_g=yes
ac_cv_prog_make_make_set=yes
am_cv_CC_dependencies_compiler_type=gcc3

## ----------------- ##
## Output variables. ##
## ----------------- ##

ACLOCAL='${SHELL} /home/john/src/c/sharecopper/config/missing --run aclocal-1.11'
AMDEPBACKSLASH='\'
AMDEP_FALSE='#'
AMDEP_TRUE=''
AMTAR='$${TAR-tar}'
AUTOCONF='${SHELL} /home/john/src/c/sharecopper/config/missing --run autoconf'
AUTOHEADER='${SHELL} /home/john/src/c/sharecopper/config/missing --run autoheader'
AUTOMAKE='${SHELL} /home/john/src/c/sharecopper/config/missing --run automake-1.11'
AWK='mawk'
CC='gcc'
CCDEPMODE='depmode=gcc3'
CFLAGS='-g3'
CPPFLAGS=''
CYGPATH_W='echo'
DEFS='-DPACKAGE_NAME=\"sharecopper\" -DPACKAGE_TARNAME=\"sharecopper\" -DPACKAGE_VERSION=\"0.1\" -DPACKAGE_STRING=\"sharecopper\ 0.1\" -DPACKAGE_BUGREPORT=\"john.w.dennis@gmail.com\" -DPACKAGE_URL=\"\" -DPACKAGE=\"sharecopper\" -DVERSION=\"0.1\"'
DEPDIR='.deps'
ECHO_C=''
ECHO_N='-n'
ECHO_T=''
EXEEXT=''
INSTALL_DATA='${INSTALL} -m 644'
INSTALL_PROGRAM='${INSTALL}'
INSTALL_SCRIPT='${INSTALL}'
INSTALL_STRIP_PROGRAM='$(install_sh) -c -s'
LDFLAGS=''
LIBOBJS=''
LIBS=''
LTLIBOBJS=''
MAKEINFO='${SHELL} /home/john/src/c/sharecopper/config/missing --run makeinfo'
MKDIR_P='/bin/mkdir -p'
OBJEXT='o'
PACKAGE='sharecopper'
PACKAGE_BUGREPORT='john.w.dennis@gmail.com'
PACKAGE_NAME='sharecopper'
PACKAGE_STRING='sharecopper 0.1'
PACKAGE_TARNAME='sharecopper'
PACKAGE_URL=''
PACKAGE_VERSION='0.1'
PATH_SEPARATOR=':'
SET_MAKE=''
SHELL='/bin/bash'
STRIP=''
VERSION='0.1'
ac_ct_CC='gcc'
am__EXEEXT_FALSE=''
am__EXEEXT_TRUE='#'
am__fastdepCC_FALSE='#'
am__fastdepCC_TRUE=''
am__include='include'
am__isrc=''
am__leading_dot='.'
am__nodep='_no'
am__quote=''
am__tar='$${TAR-tar} chof - "$$tardir"'
am__untar='$${TAR-tar} xf -'
bindir='${exec_prefix}/bin'
build_alias=''
datadir='${datarootdir}'
datarootdir='${prefix}/share'
docdir='${datarootdir}/doc/${PACKAGE_TARNAME}'
dvidir='${docdir}'
exec_prefix='${prefix}'
host_alias=''
htmldir='${docdir}'
includedir='${prefix}/include'
infodir='${datarootdir}/info'
install_sh='${SHELL} /home/john/src/c/sharecopper/config/install-sh'
libdir='${exec_prefix}/lib'
libexecdir='${exec_prefix}/libexec'
localedir='${datarootdir}/locale'
localstatedir='${prefix}/var'
mandir='${datarootdir}/man'
mkdir_p='/bin/mkdir -p'
oldincludedir='/usr/include'
pdfdir='${docdir}'
prefix='/usr/local'
program_transform_name='s,x,x,'
psdir='${docdir}'
sbindir='${exec_prefix}/sbin'
sharedstatedir='${prefix}/com'
sysconfdir='${prefix}/etc'
target_alias=''

## ----------- ##
## confdefs.h. ##
## ----------- ##

/* confdefs.h */
#define PACKAGE_NAME "sharecopper"
#define PACKAGE_TARNAME "sharecopper"
#define PACKAGE_VERSION "0.1"
#define PACKAGE_STRING "sharecopper 0.1"
#define PACKAGE_BUGREPORT "john.w.dennis@gmail.com"
#define PACKAGE_URL ""
#define PACKAGE "sharecopper"
#define VERSION "0.1"

configure: exit 0

## ---------------------- ##
## Running config.status. ##
## ---------------------- ##

This file was extended by sharecopper config.status 0.1, which was
generated by GNU Autoconf 2.69.  Invocation command line was

  CONFIG_FILES    = 
  CONFIG_HEADERS  = 
  CONFIG_LINKS    = 
  CONFIG_COMMANDS = 
  $ ./config.status src/Makefile depfiles

on sockdolager

config.status:769: creating src/Makefile
config.status:941: executing depfiles commands
